CRITICAL - 2024-02-12 22:57:59 --> CodeIgniter\Router\Exceptions\RouterException: The namespace delimiter is a backslash (\), not a slash (/). Route handler: "\App\Controllers\Produtos:excluir/$1"
in SYSTEMPATH\Router\Router.php on line 479.
 1 SYSTEMPATH\Router\Router.php(479): CodeIgniter\Router\Exceptions\RouterException::forInvalidControllerName('\\App\\Controllers\\Produtos:excluir/$1')
 2 SYSTEMPATH\Router\Router.php(186): CodeIgniter\Router\Router->checkRoutes('produtos/excluir/11')
 3 SYSTEMPATH\CodeIgniter.php(823): CodeIgniter\Router\Router->handle('produtos/excluir/11')
 4 SYSTEMPATH\CodeIgniter.php(450): CodeIgniter\CodeIgniter->tryToRouteIt(Object(CodeIgniter\Router\RouteCollection))
 5 SYSTEMPATH\CodeIgniter.php(361): CodeIgniter\CodeIgniter->handleRequest(null, Object(Config\Cache), false)
 6 FCPATH\index.php(79): CodeIgniter\CodeIgniter->run()
CRITICAL - 2024-02-12 23:02:28 --> CodeIgniter\Router\Exceptions\RouterException: The namespace delimiter is a backslash (\), not a slash (/). Route handler: "\App\Controllers\Produtos:excluir/$1"
in SYSTEMPATH\Router\Router.php on line 479.
 1 SYSTEMPATH\Router\Router.php(479): CodeIgniter\Router\Exceptions\RouterException::forInvalidControllerName('\\App\\Controllers\\Produtos:excluir/$1')
 2 SYSTEMPATH\Router\Router.php(186): CodeIgniter\Router\Router->checkRoutes('produtos/excluir/11')
 3 SYSTEMPATH\CodeIgniter.php(823): CodeIgniter\Router\Router->handle('produtos/excluir/11')
 4 SYSTEMPATH\CodeIgniter.php(450): CodeIgniter\CodeIgniter->tryToRouteIt(Object(CodeIgniter\Router\RouteCollection))
 5 SYSTEMPATH\CodeIgniter.php(361): CodeIgniter\CodeIgniter->handleRequest(null, Object(Config\Cache), false)
 6 FCPATH\index.php(79): CodeIgniter\CodeIgniter->run()
CRITICAL - 2024-02-12 23:02:36 --> CodeIgniter\Router\Exceptions\RouterException: The namespace delimiter is a backslash (\), not a slash (/). Route handler: "\App\Controllers\Produtos:excluir/$1"
in SYSTEMPATH\Router\Router.php on line 479.
 1 SYSTEMPATH\Router\Router.php(479): CodeIgniter\Router\Exceptions\RouterException::forInvalidControllerName('\\App\\Controllers\\Produtos:excluir/$1')
 2 SYSTEMPATH\Router\Router.php(186): CodeIgniter\Router\Router->checkRoutes('produtos/excluir/11')
 3 SYSTEMPATH\CodeIgniter.php(823): CodeIgniter\Router\Router->handle('produtos/excluir/11')
 4 SYSTEMPATH\CodeIgniter.php(450): CodeIgniter\CodeIgniter->tryToRouteIt(Object(CodeIgniter\Router\RouteCollection))
 5 SYSTEMPATH\CodeIgniter.php(361): CodeIgniter\CodeIgniter->handleRequest(null, Object(Config\Cache), false)
 6 FCPATH\index.php(79): CodeIgniter\CodeIgniter->run()
CRITICAL - 2024-02-12 23:37:56 --> ArgumentCountError: Too few arguments to function App\Controllers\Produtos::editar(), 0 passed in C:\wamp64\www\web.local\system\CodeIgniter.php on line 941 and exactly 1 expected
in APPPATH\Controllers\Produtos.php on line 43.
 1 SYSTEMPATH\CodeIgniter.php(941): App\Controllers\Produtos->editar()
 2 SYSTEMPATH\CodeIgniter.php(502): CodeIgniter\CodeIgniter->runController(Object(App\Controllers\Produtos))
 3 SYSTEMPATH\CodeIgniter.php(361): CodeIgniter\CodeIgniter->handleRequest(null, Object(Config\Cache), false)
 4 FCPATH\index.php(79): CodeIgniter\CodeIgniter->run()
CRITICAL - 2024-02-12 23:40:47 --> ArgumentCountError: Too few arguments to function App\Controllers\Produtos::editar(), 0 passed in C:\wamp64\www\web.local\system\CodeIgniter.php on line 941 and exactly 1 expected
in APPPATH\Controllers\Produtos.php on line 43.
 1 SYSTEMPATH\CodeIgniter.php(941): App\Controllers\Produtos->editar()
 2 SYSTEMPATH\CodeIgniter.php(502): CodeIgniter\CodeIgniter->runController(Object(App\Controllers\Produtos))
 3 SYSTEMPATH\CodeIgniter.php(361): CodeIgniter\CodeIgniter->handleRequest(null, Object(Config\Cache), false)
 4 FCPATH\index.php(79): CodeIgniter\CodeIgniter->run()
CRITICAL - 2024-02-12 23:40:54 --> ArgumentCountError: Too few arguments to function App\Controllers\Produtos::editar(), 0 passed in C:\wamp64\www\web.local\system\CodeIgniter.php on line 941 and exactly 1 expected
in APPPATH\Controllers\Produtos.php on line 43.
 1 SYSTEMPATH\CodeIgniter.php(941): App\Controllers\Produtos->editar()
 2 SYSTEMPATH\CodeIgniter.php(502): CodeIgniter\CodeIgniter->runController(Object(App\Controllers\Produtos))
 3 SYSTEMPATH\CodeIgniter.php(361): CodeIgniter\CodeIgniter->handleRequest(null, Object(Config\Cache), false)
 4 FCPATH\index.php(79): CodeIgniter\CodeIgniter->run()
